INFO  Starting Protege 4 OWL Editor (Version 4.3.0, Build = 304)  org.protege.editor.core.ProtegeApplication[FelixDispatchQueue]
INFO  Platform:  org.protege.editor.core.ProtegeApplication[FelixDispatchQueue]
INFO      Java: JVM 1.6.0_01-b06 Memory: 466M  org.protege.editor.core.ProtegeApplication[FelixDispatchQueue]
INFO      Language: es, Country: ES  org.protege.editor.core.ProtegeApplication[FelixDispatchQueue]
INFO      Framework: Apache Software Foundation (1.5)  org.protege.editor.core.ProtegeApplication[FelixDispatchQueue]
INFO      OS: windowsvista (6.1)  org.protege.editor.core.ProtegeApplication[FelixDispatchQueue]
INFO      Processor: x86-64  org.protege.editor.core.ProtegeApplication[FelixDispatchQueue]
INFO  Plugin: Cajun Visualization Plugin (1.0.0.2013_04_15_0104)  org.protege.editor.core.ProtegeApplication[FelixDispatchQueue]
INFO  Plugin: Dlquery (1.1.0.2013_04_15_0104)  org.protege.editor.core.ProtegeApplication[FelixDispatchQueue]
INFO  Plugin: OWLViz (4.1.2.2013_04_15_0103)  org.protege.editor.core.ProtegeApplication[FelixDispatchQueue]
INFO  Plugin: Protege OWL Code Generation (1.1.0.2013_04_15_0104)  org.protege.editor.core.ProtegeApplication[FelixDispatchQueue]
INFO  Plugin: OWL Diff Tool (1.0.0.2013_04_15_0104)  org.protege.editor.core.ProtegeApplication[FelixDispatchQueue]
INFO  Plugin: The Protege 4 OWL Editor (4.3.0.b304_2013_04_15_0103)  org.protege.editor.core.ProtegeApplication[FelixDispatchQueue]
INFO  Plugin: Protege SPARQL Plugin (1.0.0.2013_04_15_0104)  org.protege.editor.core.ProtegeApplication[FelixDispatchQueue]
INFO  Plugin: Explanation Workbench (1.0.0.2013_04_15_0104)  org.protege.editor.core.ProtegeApplication[FelixDispatchQueue]
INFO  Plugin: OntoGraf Plug-in (1.0.1.2013_04_15_0104)  org.protege.editor.core.ProtegeApplication[FelixDispatchQueue]
INFO  Plugin: OWL Diff Library (1.0.0.2013_04_15_0104)  org.protege.editor.core.ProtegeApplication[FelixDispatchQueue]
INFO  Plugin: OWLAPI-RDF Library (1.0.0.2013_04_15_0104)  org.protege.editor.core.ProtegeApplication[FelixDispatchQueue]
INFO  Plugin: HermiT Reasoner (1.3.7)  org.protege.editor.core.ProtegeApplication[FelixDispatchQueue]
INFO  Plugin: The OWL API (3.4.2.2012_12_05)  org.protege.editor.core.ProtegeApplication[FelixDispatchQueue]
INFO  Plugin: Factplusplus Plug-in (1.6.2)  org.protege.editor.core.ProtegeApplication[FelixDispatchQueue]
INFO  	Cajun Visualization Plugin Plugin has no plugin.xml resource  org.protege.editor.core.ProtegeApplication[FelixDispatchQueue]
INFO  	OWLAPI-RDF Library Plugin has no plugin.xml resource  org.protege.editor.core.ProtegeApplication[FelixDispatchQueue]
INFO  Using OWL API version 3.4.2  org.protege.editor.owl.OWLEditorKit[FelixDispatchQueue]
INFO  Rebuilding entity indices...  org.protege.editor.owl.model.OWLModelManagerImpl[FelixDispatchQueue]
INFO  ... rebuilt in 7 ms  org.protege.editor.owl.model.OWLModelManagerImpl[FelixDispatchQueue]
INFO  Setting active ontology to OntologyID(OntologyIRI(<http://www.semanticweb.org/laia/ontologies/2013/7/untitled-ontology-2>))  org.protege.editor.owl.model.OWLModelManagerImpl[FelixDispatchQueue]
INFO  Rebuilding entity indices...  org.protege.editor.owl.model.OWLModelManagerImpl[FelixDispatchQueue]
INFO  ... rebuilt in 2 ms  org.protege.editor.owl.model.OWLModelManagerImpl[FelixDispatchQueue]
INFO  ... active ontology changed  org.protege.editor.owl.model.OWLModelManagerImpl[FelixDispatchQueue]
INFO  Cannot generate ontology catalog for ontology at http://www.semanticweb.org/laia/ontologies/2013/7/untitled-ontology-2  org.protege.editor.owl.model.OWLModelManagerImpl[FelixDispatchQueue]
INFO  Setting active ontology to OntologyID(OntologyIRI(<http://www.semanticweb.org/laia/ontologies/2013/7/untitled-ontology-2>))  org.protege.editor.owl.model.OWLModelManagerImpl[FelixDispatchQueue]
INFO  Rebuilding entity indices...  org.protege.editor.owl.model.OWLModelManagerImpl[FelixDispatchQueue]
INFO  ... rebuilt in 2 ms  org.protege.editor.owl.model.OWLModelManagerImpl[FelixDispatchQueue]
INFO  ... active ontology changed  org.protege.editor.owl.model.OWLModelManagerImpl[FelixDispatchQueue]
INFO  Using OWL API version 3.4.2  org.protege.editor.owl.OWLEditorKit[AWT-EventQueue-0]
INFO  Rebuilding entity indices...  org.protege.editor.owl.model.OWLModelManagerImpl[AWT-EventQueue-0]
INFO  ... rebuilt in 2 ms  org.protege.editor.owl.model.OWLModelManagerImpl[AWT-EventQueue-0]
